<?xml version="1.0" encoding="UTF-8"?>
<!-- Generated by org.testng.reporters.JUnitReportReporter -->
<testsuite hostname="jagadeeshPC" name="admin.logout" tests="1" failures="0" timestamp="16 Sep 2016 21:52:46 GMT" time="39.947" errors="0">
  <testcase name="logout" time="39.947" classname="admin.logout"/>
</testsuite> <!-- admin.logout -->
